-------------------------------------------------------------------------------
Test set: org.springframework.retry.support.RetryMetricsTests
-------------------------------------------------------------------------------
Tests run: 2, Failures: 0, Errors: 1, Skipped: 0, Time elapsed: 2.085 s <<< FAILURE! -- in org.springframework.retry.support.RetryMetricsTests
org.springframework.retry.support.RetryMetricsTests.metricsAreCollectedForRetryable -- Time elapsed: 2.036 s <<< ERROR!
io.micrometer.core.instrument.search.MeterNotFoundException: 
Unable to find a meter that matches all the requirements at once. Here's what was found:
   OK: A meter with name 'spring.retry' was found.
   OK: Meters with type timer were found.
   OK: A meter with name 'spring.retry' has a tag 'exception' with value 'none'.
   FAIL: No meters have a tag 'name' with value 'org.springframework.retry.support.RetryMetricsTests$Service.service1'. Tag values found were ['public void org.springframework.retry.support.RetryMetricsTests$Service.service1()', 'public void org.springframework.retry.support.RetryMetricsTests$Service.service2()', 'public void org.springframework.retry.support.RetryMetricsTests$Service.service3()'].
   OK: A meter with name 'spring.retry' has a tag 'retry.count' with value '0'.
	at io.micrometer.core.instrument.search.MeterNotFoundException$FromRequiredSearch.build(MeterNotFoundException.java:245)
	at io.micrometer.core.instrument.search.MeterNotFoundException$FromRequiredSearch.access$100(MeterNotFoundException.java:49)
	at io.micrometer.core.instrument.search.MeterNotFoundException.forSearch(MeterNotFoundException.java:46)
	at io.micrometer.core.instrument.search.RequiredSearch.lambda$getOne$1(RequiredSearch.java:199)
	at java.util.Optional.orElseThrow(Optional.java:290)
	at io.micrometer.core.instrument.search.RequiredSearch.getOne(RequiredSearch.java:199)
	at io.micrometer.core.instrument.search.RequiredSearch.timer(RequiredSearch.java:120)
	at org.springframework.retry.support.RetryMetricsTests.metricsAreCollectedForRetryable(RetryMetricsTests.java:84)
	at java.lang.reflect.Method.invoke(Method.java:498)
	at java.util.ArrayList.forEach(ArrayList.java:1259)
	at java.util.ArrayList.forEach(ArrayList.java:1259)

