-------------------------------------------------------------------------------
Test set: org.springframework.retry.interceptor.RetryOperationsInterceptorTests
-------------------------------------------------------------------------------
Tests run: 11, Failures: 0, Errors: 1, Skipped: 0, Time elapsed: 0.273 s <<< FAILURE! -- in org.springframework.retry.interceptor.RetryOperationsInterceptorTests
org.springframework.retry.interceptor.RetryOperationsInterceptorTests.testOutsideTransaction -- Time elapsed: 0.246 s <<< ERROR!
java.lang.RuntimeException: Rollback please
	at org.springframework.retry.interceptor.RetryOperationsInterceptorTests$ServiceImpl.doTransactional(RetryOperationsInterceptorTests.java:339)
	at org.springframework.retry.interceptor.RetryOperationsInterceptorTests.testOutsideTransaction(RetryOperationsInterceptorTests.java:224)
	at java.lang.reflect.Method.invoke(Method.java:498)
	at java.util.ArrayList.forEach(ArrayList.java:1259)
	at java.util.ArrayList.forEach(ArrayList.java:1259)

