-------------------------------------------------------------------------------
Test set: org.springframework.retry.policy.CompositeRetryPolicyTests
-------------------------------------------------------------------------------
Tests run: 11, Failures: 1, Errors: 0, Skipped: 0, Time elapsed: 0.013 s <<< FAILURE! -- in org.springframework.retry.policy.CompositeRetryPolicyTests
org.springframework.retry.policy.CompositeRetryPolicyTests.testMaximumAttemptsForSuitablePolicies -- Time elapsed: 0.005 s <<< FAILURE!
org.opentest4j.AssertionFailedError: 

expected: 3
 but was: -1
	at sun.reflect.NativeConstructorAccessorImpl.newInstance0(Native Method)
	at sun.reflect.NativeConstructorAccessorImpl.newInstance(NativeConstructorAccessorImpl.java:62)
	at sun.reflect.DelegatingConstructorAccessorImpl.newInstance(DelegatingConstructorAccessorImpl.java:45)
	at org.springframework.retry.policy.CompositeRetryPolicyTests.testMaximumAttemptsForSuitablePolicies(CompositeRetryPolicyTests.java:178)
	at java.lang.reflect.Method.invoke(Method.java:498)
	at java.util.ArrayList.forEach(ArrayList.java:1259)
	at java.util.ArrayList.forEach(ArrayList.java:1259)

