<?xml version="1.0" encoding="UTF-8"?>
<testsuite xmlns:xsi="http://www.w3.org/2001/XMLSchema-instance" xsi:noNamespaceSchemaLocation="https://maven.apache.org/surefire/maven-surefire-plugin/xsd/surefire-test-report-3.0.xsd" version="3.0" name="org.springframework.retry.policy.RetryContextSerializationTests" time="0.094" tests="26" errors="2" skipped="0" failures="1">
  <properties>
[...]
</properties>
  <testcase name="testSerializationCycleForPolicy(RetryPolicy)[1]" classname="org.springframework.retry.policy.RetryContextSerializationTests" time="0.001"/>
  <testcase name="testSerializationCycleForPolicy(RetryPolicy)[2]" classname="org.springframework.retry.policy.RetryContextSerializationTests" time="0.006"/>
  <testcase name="testSerializationCycleForPolicy(RetryPolicy)[3]" classname="org.springframework.retry.policy.RetryContextSerializationTests" time="0.006"/>
  <testcase name="testSerializationCycleForPolicy(RetryPolicy)[4]" classname="org.springframework.retry.policy.RetryContextSerializationTests" time="0.001"/>
  <testcase name="testSerializationCycleForPolicy(RetryPolicy)[5]" classname="org.springframework.retry.policy.RetryContextSerializationTests" time="0.003"/>
  <testcase name="testSerializationCycleForPolicy(RetryPolicy)[6]" classname="org.springframework.retry.policy.RetryContextSerializationTests" time="0.001"/>
  <testcase name="testSerializationCycleForPolicy(RetryPolicy)[7]" classname="org.springframework.retry.policy.RetryContextSerializationTests" time="0.006">
    <error message="Failed to serialize object of type: class org.springframework.retry.policy.ExpressionRetryPolicy" type="java.lang.IllegalArgumentException"><![CDATA[java.lang.IllegalArgumentException: Failed to serialize object of type: class org.springframework.retry.policy.ExpressionRetryPolicy
	at org.springframework.util.SerializationUtils.serialize(SerializationUtils.java:60)
	at org.springframework.retry.policy.RetryContextSerializationTests.testSerializationCycleForPolicy(RetryContextSerializationTests.java:90)
	at java.lang.reflect.Method.invoke(Method.java:498)
	at java.util.Optional.ifPresent(Optional.java:159)
	at java.util.stream.ForEachOps$ForEachOp$OfRef.accept(ForEachOps.java:183)
	at java.util.stream.ReferencePipeline$3$1.accept(ReferencePipeline.java:193)
	at java.util.stream.ForEachOps$ForEachOp$OfRef.accept(ForEachOps.java:183)
	at java.util.stream.ForEachOps$ForEachOp$OfRef.accept(ForEachOps.java:183)
	at java.util.stream.ReferencePipeline$3$1.accept(ReferencePipeline.java:193)
	at java.util.ArrayList$ArrayListSpliterator.forEachRemaining(ArrayList.java:1384)
	at java.util.stream.ReferencePipeline$Head.forEach(ReferencePipeline.java:647)
	at java.util.stream.ReferencePipeline$7$1.accept(ReferencePipeline.java:272)
	at java.util.stream.ReferencePipeline$3$1.accept(ReferencePipeline.java:193)
	at java.util.stream.ReferencePipeline$3$1.accept(ReferencePipeline.java:193)
	at java.util.stream.ReferencePipeline$3$1.accept(ReferencePipeline.java:193)
	at java.util.Spliterators$ArraySpliterator.forEachRemaining(Spliterators.java:948)
	at java.util.stream.AbstractPipeline.copyInto(AbstractPipeline.java:482)
	at java.util.stream.AbstractPipeline.wrapAndCopyInto(AbstractPipeline.java:472)
	at java.util.stream.ForEachOps$ForEachOp.evaluateSequential(ForEachOps.java:150)
	at java.util.stream.ForEachOps$ForEachOp$OfRef.evaluateSequential(ForEachOps.java:173)
	at java.util.stream.AbstractPipeline.evaluate(AbstractPipeline.java:234)
	at java.util.stream.ReferencePipeline.forEach(ReferencePipeline.java:485)
	at java.util.stream.ReferencePipeline$7$1.accept(ReferencePipeline.java:272)
	at java.util.ArrayList$ArrayListSpliterator.forEachRemaining(ArrayList.java:1384)
	at java.util.stream.AbstractPipeline.copyInto(AbstractPipeline.java:482)
	at java.util.stream.AbstractPipeline.wrapAndCopyInto(AbstractPipeline.java:472)
	at java.util.stream.ForEachOps$ForEachOp.evaluateSequential(ForEachOps.java:150)
	at java.util.stream.ForEachOps$ForEachOp$OfRef.evaluateSequential(ForEachOps.java:173)
	at java.util.stream.AbstractPipeline.evaluate(AbstractPipeline.java:234)
	at java.util.stream.ReferencePipeline.forEach(ReferencePipeline.java:485)
	at java.util.stream.ReferencePipeline$7$1.accept(ReferencePipeline.java:272)
	at java.util.stream.ReferencePipeline$3$1.accept(ReferencePipeline.java:193)
	at java.util.stream.ReferencePipeline$3$1.accept(ReferencePipeline.java:193)
	at java.util.stream.ReferencePipeline$3$1.accept(ReferencePipeline.java:193)
	at java.util.ArrayList$ArrayListSpliterator.forEachRemaining(ArrayList.java:1384)
	at java.util.stream.AbstractPipeline.copyInto(AbstractPipeline.java:482)
	at java.util.stream.AbstractPipeline.wrapAndCopyInto(AbstractPipeline.java:472)
	at java.util.stream.ForEachOps$ForEachOp.evaluateSequential(ForEachOps.java:150)
	at java.util.stream.ForEachOps$ForEachOp$OfRef.evaluateSequential(ForEachOps.java:173)
	at java.util.stream.AbstractPipeline.evaluate(AbstractPipeline.java:234)
	at java.util.stream.ReferencePipeline.forEach(ReferencePipeline.java:485)
	at java.util.ArrayList.forEach(ArrayList.java:1259)
	at java.util.ArrayList.forEach(ArrayList.java:1259)
Caused by: java.io.NotSerializableException: org.springframework.expression.spel.support.StandardEvaluationContext
	at java.io.ObjectOutputStream.writeObject0(ObjectOutputStream.java:1184)
	at java.io.ObjectOutputStream.defaultWriteFields(ObjectOutputStream.java:1548)
	at java.io.ObjectOutputStream.writeSerialData(ObjectOutputStream.java:1509)
	at java.io.ObjectOutputStream.writeOrdinaryObject(ObjectOutputStream.java:1432)
	at java.io.ObjectOutputStream.writeObject0(ObjectOutputStream.java:1178)
	at java.io.ObjectOutputStream.writeObject(ObjectOutputStream.java:348)
	at org.springframework.util.SerializationUtils.serialize(SerializationUtils.java:56)
	... 42 more
]]></error>
  </testcase>
  <testcase name="testSerializationCycleForPolicy(RetryPolicy)[8]" classname="org.springframework.retry.policy.RetryContextSerializationTests" time="0.001"/>
  <testcase name="testSerializationCycleForPolicy(RetryPolicy)[9]" classname="org.springframework.retry.policy.RetryContextSerializationTests" time="0.001"/>
  <testcase name="testSerializationCycleForPolicy(RetryPolicy)[10]" classname="org.springframework.retry.policy.RetryContextSerializationTests" time="0.001">
    <error message="Failed to serialize object of type: class org.springframework.retry.policy.PredicateRetryPolicy" type="java.lang.IllegalArgumentException"><![CDATA[java.lang.IllegalArgumentException: Failed to serialize object of type: class org.springframework.retry.policy.PredicateRetryPolicy
	at org.springframework.util.SerializationUtils.serialize(SerializationUtils.java:60)
	at org.springframework.retry.policy.RetryContextSerializationTests.testSerializationCycleForPolicy(RetryContextSerializationTests.java:90)
	at java.lang.reflect.Method.invoke(Method.java:498)
	at java.util.Optional.ifPresent(Optional.java:159)
	at java.util.stream.ForEachOps$ForEachOp$OfRef.accept(ForEachOps.java:183)
	at java.util.stream.ReferencePipeline$3$1.accept(ReferencePipeline.java:193)
	at java.util.stream.ForEachOps$ForEachOp$OfRef.accept(ForEachOps.java:183)
	at java.util.stream.ForEachOps$ForEachOp$OfRef.accept(ForEachOps.java:183)
	at java.util.stream.ReferencePipeline$3$1.accept(ReferencePipeline.java:193)
	at java.util.ArrayList$ArrayListSpliterator.forEachRemaining(ArrayList.java:1384)
	at java.util.stream.ReferencePipeline$Head.forEach(ReferencePipeline.java:647)
	at java.util.stream.ReferencePipeline$7$1.accept(ReferencePipeline.java:272)
	at java.util.stream.ReferencePipeline$3$1.accept(ReferencePipeline.java:193)
	at java.util.stream.ReferencePipeline$3$1.accept(ReferencePipeline.java:193)
	at java.util.stream.ReferencePipeline$3$1.accept(ReferencePipeline.java:193)
	at java.util.Spliterators$ArraySpliterator.forEachRemaining(Spliterators.java:948)
	at java.util.stream.AbstractPipeline.copyInto(AbstractPipeline.java:482)
	at java.util.stream.AbstractPipeline.wrapAndCopyInto(AbstractPipeline.java:472)
	at java.util.stream.ForEachOps$ForEachOp.evaluateSequential(ForEachOps.java:150)
	at java.util.stream.ForEachOps$ForEachOp$OfRef.evaluateSequential(ForEachOps.java:173)
	at java.util.stream.AbstractPipeline.evaluate(AbstractPipeline.java:234)
	at java.util.stream.ReferencePipeline.forEach(ReferencePipeline.java:485)
	at java.util.stream.ReferencePipeline$7$1.accept(ReferencePipeline.java:272)
	at java.util.ArrayList$ArrayListSpliterator.forEachRemaining(ArrayList.java:1384)
	at java.util.stream.AbstractPipeline.copyInto(AbstractPipeline.java:482)
	at java.util.stream.AbstractPipeline.wrapAndCopyInto(AbstractPipeline.java:472)
	at java.util.stream.ForEachOps$ForEachOp.evaluateSequential(ForEachOps.java:150)
	at java.util.stream.ForEachOps$ForEachOp$OfRef.evaluateSequential(ForEachOps.java:173)
	at java.util.stream.AbstractPipeline.evaluate(AbstractPipeline.java:234)
	at java.util.stream.ReferencePipeline.forEach(ReferencePipeline.java:485)
	at java.util.stream.ReferencePipeline$7$1.accept(ReferencePipeline.java:272)
	at java.util.stream.ReferencePipeline$3$1.accept(ReferencePipeline.java:193)
	at java.util.stream.ReferencePipeline$3$1.accept(ReferencePipeline.java:193)
	at java.util.stream.ReferencePipeline$3$1.accept(ReferencePipeline.java:193)
	at java.util.ArrayList$ArrayListSpliterator.forEachRemaining(ArrayList.java:1384)
	at java.util.stream.AbstractPipeline.copyInto(AbstractPipeline.java:482)
	at java.util.stream.AbstractPipeline.wrapAndCopyInto(AbstractPipeline.java:472)
	at java.util.stream.ForEachOps$ForEachOp.evaluateSequential(ForEachOps.java:150)
	at java.util.stream.ForEachOps$ForEachOp$OfRef.evaluateSequential(ForEachOps.java:173)
	at java.util.stream.AbstractPipeline.evaluate(AbstractPipeline.java:234)
	at java.util.stream.ReferencePipeline.forEach(ReferencePipeline.java:485)
	at java.util.ArrayList.forEach(ArrayList.java:1259)
	at java.util.ArrayList.forEach(ArrayList.java:1259)
Caused by: java.io.NotSerializableException: org.springframework.retry.policy.PredicateRetryPolicy$$Lambda$859/1461322233
	at java.io.ObjectOutputStream.writeObject0(ObjectOutputStream.java:1184)
	at java.io.ObjectOutputStream.defaultWriteFields(ObjectOutputStream.java:1548)
	at java.io.ObjectOutputStream.writeSerialData(ObjectOutputStream.java:1509)
	at java.io.ObjectOutputStream.writeOrdinaryObject(ObjectOutputStream.java:1432)
	at java.io.ObjectOutputStream.writeObject0(ObjectOutputStream.java:1178)
	at java.io.ObjectOutputStream.writeObject(ObjectOutputStream.java:348)
	at org.springframework.util.SerializationUtils.serialize(SerializationUtils.java:56)
	... 42 more
]]></error>
  </testcase>
  <testcase name="testSerializationCycleForPolicy(RetryPolicy)[11]" classname="org.springframework.retry.policy.RetryContextSerializationTests" time="0.001"/>
  <testcase name="testSerializationCycleForPolicy(RetryPolicy)[12]" classname="org.springframework.retry.policy.RetryContextSerializationTests" time="0.001"/>
  <testcase name="testSerializationCycleForPolicy(RetryPolicy)[13]" classname="org.springframework.retry.policy.RetryContextSerializationTests" time="0.001"/>
  <testcase name="testSerializationCycleForContext(RetryPolicy)[1]" classname="org.springframework.retry.policy.RetryContextSerializationTests" time="0.003"/>
  <testcase name="testSerializationCycleForContext(RetryPolicy)[2]" classname="org.springframework.retry.policy.RetryContextSerializationTests" time="0.002"/>
  <testcase name="testSerializationCycleForContext(RetryPolicy)[3]" classname="org.springframework.retry.policy.RetryContextSerializationTests" time="0.004"/>
  <testcase name="testSerializationCycleForContext(RetryPolicy)[4]" classname="org.springframework.retry.policy.RetryContextSerializationTests" time="0.002"/>
  <testcase name="testSerializationCycleForContext(RetryPolicy)[5]" classname="org.springframework.retry.policy.RetryContextSerializationTests" time="0.0">
    <failure message="&#10;expected: 1&#10; but was: 0" type="org.opentest4j.AssertionFailedError"><![CDATA[org.opentest4j.AssertionFailedError: 

expected: 1
 but was: 0
	at sun.reflect.NativeConstructorAccessorImpl.newInstance0(Native Method)
	at sun.reflect.NativeConstructorAccessorImpl.newInstance(NativeConstructorAccessorImpl.java:62)
	at sun.reflect.DelegatingConstructorAccessorImpl.newInstance(DelegatingConstructorAccessorImpl.java:45)
	at org.springframework.retry.policy.RetryContextSerializationTests.testSerializationCycleForContext(RetryContextSerializationTests.java:83)
	at java.lang.reflect.Method.invoke(Method.java:498)
	at java.util.Optional.ifPresent(Optional.java:159)
	at java.util.stream.ForEachOps$ForEachOp$OfRef.accept(ForEachOps.java:183)
	at java.util.stream.ReferencePipeline$3$1.accept(ReferencePipeline.java:193)
	at java.util.stream.ForEachOps$ForEachOp$OfRef.accept(ForEachOps.java:183)
	at java.util.stream.ForEachOps$ForEachOp$OfRef.accept(ForEachOps.java:183)
	at java.util.stream.ReferencePipeline$3$1.accept(ReferencePipeline.java:193)
	at java.util.ArrayList$ArrayListSpliterator.forEachRemaining(ArrayList.java:1384)
	at java.util.stream.ReferencePipeline$Head.forEach(ReferencePipeline.java:647)
	at java.util.stream.ReferencePipeline$7$1.accept(ReferencePipeline.java:272)
	at java.util.stream.ReferencePipeline$3$1.accept(ReferencePipeline.java:193)
	at java.util.stream.ReferencePipeline$3$1.accept(ReferencePipeline.java:193)
	at java.util.stream.ReferencePipeline$3$1.accept(ReferencePipeline.java:193)
	at java.util.Spliterators$ArraySpliterator.forEachRemaining(Spliterators.java:948)
	at java.util.stream.AbstractPipeline.copyInto(AbstractPipeline.java:482)
	at java.util.stream.AbstractPipeline.wrapAndCopyInto(AbstractPipeline.java:472)
	at java.util.stream.ForEachOps$ForEachOp.evaluateSequential(ForEachOps.java:150)
	at java.util.stream.ForEachOps$ForEachOp$OfRef.evaluateSequential(ForEachOps.java:173)
	at java.util.stream.AbstractPipeline.evaluate(AbstractPipeline.java:234)
	at java.util.stream.ReferencePipeline.forEach(ReferencePipeline.java:485)
	at java.util.stream.ReferencePipeline$7$1.accept(ReferencePipeline.java:272)
	at java.util.ArrayList$ArrayListSpliterator.forEachRemaining(ArrayList.java:1384)
	at java.util.stream.AbstractPipeline.copyInto(AbstractPipeline.java:482)
	at java.util.stream.AbstractPipeline.wrapAndCopyInto(AbstractPipeline.java:472)
	at java.util.stream.ForEachOps$ForEachOp.evaluateSequential(ForEachOps.java:150)
	at java.util.stream.ForEachOps$ForEachOp$OfRef.evaluateSequential(ForEachOps.java:173)
	at java.util.stream.AbstractPipeline.evaluate(AbstractPipeline.java:234)
	at java.util.stream.ReferencePipeline.forEach(ReferencePipeline.java:485)
	at java.util.stream.ReferencePipeline$7$1.accept(ReferencePipeline.java:272)
	at java.util.stream.ReferencePipeline$3$1.accept(ReferencePipeline.java:193)
	at java.util.stream.ReferencePipeline$3$1.accept(ReferencePipeline.java:193)
	at java.util.stream.ReferencePipeline$3$1.accept(ReferencePipeline.java:193)
	at java.util.ArrayList$ArrayListSpliterator.forEachRemaining(ArrayList.java:1384)
	at java.util.stream.AbstractPipeline.copyInto(AbstractPipeline.java:482)
	at java.util.stream.AbstractPipeline.wrapAndCopyInto(AbstractPipeline.java:472)
	at java.util.stream.ForEachOps$ForEachOp.evaluateSequential(ForEachOps.java:150)
	at java.util.stream.ForEachOps$ForEachOp$OfRef.evaluateSequential(ForEachOps.java:173)
	at java.util.stream.AbstractPipeline.evaluate(AbstractPipeline.java:234)
	at java.util.stream.ReferencePipeline.forEach(ReferencePipeline.java:485)
	at java.util.ArrayList.forEach(ArrayList.java:1259)
	at java.util.ArrayList.forEach(ArrayList.java:1259)
]]></failure>
  </testcase>
  <testcase name="testSerializationCycleForContext(RetryPolicy)[6]" classname="org.springframework.retry.policy.RetryContextSerializationTests" time="0.001"/>
  <testcase name="testSerializationCycleForContext(RetryPolicy)[7]" classname="org.springframework.retry.policy.RetryContextSerializationTests" time="0.002"/>
  <testcase name="testSerializationCycleForContext(RetryPolicy)[8]" classname="org.springframework.retry.policy.RetryContextSerializationTests" time="0.001"/>
  <testcase name="testSerializationCycleForContext(RetryPolicy)[9]" classname="org.springframework.retry.policy.RetryContextSerializationTests" time="0.001"/>
  <testcase name="testSerializationCycleForContext(RetryPolicy)[10]" classname="org.springframework.retry.policy.RetryContextSerializationTests" time="0.001"/>
  <testcase name="testSerializationCycleForContext(RetryPolicy)[11]" classname="org.springframework.retry.policy.RetryContextSerializationTests" time="0.001"/>
  <testcase name="testSerializationCycleForContext(RetryPolicy)[12]" classname="org.springframework.retry.policy.RetryContextSerializationTests" time="0.004"/>
  <testcase name="testSerializationCycleForContext(RetryPolicy)[13]" classname="org.springframework.retry.policy.RetryContextSerializationTests" time="0.002"/>
</testsuite>