<?xml version="1.0" encoding="UTF-8"?>
<testsuite xmlns:xsi="http://www.w3.org/2001/XMLSchema-instance" xsi:noNamespaceSchemaLocation="https://maven.apache.org/surefire/maven-surefire-plugin/xsd/surefire-test-report-3.0.xsd" version="3.0" name="org.springframework.retry.policy.SoftReferenceMapRetryContextCacheTests" time="0.003" tests="7" errors="0" skipped="0" failures="0">
  <properties>
[...]
</properties>
  <testcase name="testCapacityCanBeUpdated" classname="org.springframework.retry.policy.SoftReferenceMapRetryContextCacheTests" time="0.0"/>
  <testcase name="testContainsKey" classname="org.springframework.retry.policy.SoftReferenceMapRetryContextCacheTests" time="0.001"/>
  <testcase name="testPutAndGet" classname="org.springframework.retry.policy.SoftReferenceMapRetryContextCacheTests" time="0.0"/>
  <testcase name="testCapacityLimitBreachedThrowsException" classname="org.springframework.retry.policy.SoftReferenceMapRetryContextCacheTests" time="0.0"/>
  <testcase name="testLruEviction" classname="org.springframework.retry.policy.SoftReferenceMapRetryContextCacheTests" time="0.0">
    <system-out><![CDATA[2026-08-11 09:08:39,242  WARN org.springframework.retry.policy.AbstractMapRetryContextCache [main] : Retry cache capacity limit breached. Do you need to re-consider the implementation of the key generator, or the equals and hashCode of the items that failed?
]]></system-out>
  </testcase>
  <testcase name="testCapacityLimitBreachedAllowsUpdateOfExistingEntry" classname="org.springframework.retry.policy.SoftReferenceMapRetryContextCacheTests" time="0.0"/>
  <testcase name="testRemove" classname="org.springframework.retry.policy.SoftReferenceMapRetryContextCacheTests" time="0.001"/>
</testsuite>