<?xml version="1.0" encoding="UTF-8"?>
<testsuite xmlns:xsi="http://www.w3.org/2001/XMLSchema-instance" xsi:noNamespaceSchemaLocation="https://maven.apache.org/surefire/maven-surefire-plugin/xsd/surefire-test-report-3.0.xsd" version="3.0" name="org.springframework.retry.policy.RetryContextSerializationTests" time="0.061" tests="18" errors="0" skipped="0" failures="0">
  <properties>
[...]
</properties>
  <testcase name="testSerializationCycleForPolicy[0: org.springframework.retry.policy.AlwaysRetryPolicy@724c5cbe]" classname="org.springframework.retry.policy.RetryContextSerializationTests" time="0.0">
    <system-out><![CDATA[2026-08-10 15:20:57,180  WARN org.springframework.retry.policy.RetryContextSerializationTests [main] : Cannot create instance of org.springframework.retry.policy.BinaryExceptionClassifierRetryPolicy
org.springframework.beans.BeanInstantiationException: Failed to instantiate [org.springframework.retry.policy.BinaryExceptionClassifierRetryPolicy]: Is it an abstract class?; nested exception is java.lang.InstantiationException: org.springframework.retry.policy.BinaryExceptionClassifierRetryPolicy
	at org.springframework.beans.BeanUtils.instantiate(BeanUtils.java:119) ~[spring-beans-5.3.39.jar:5.3.39]
	at org.springframework.retry.policy.RetryContextSerializationTests.policies(RetryContextSerializationTests.java:67) [test-classes/:?]
	at sun.reflect.NativeMethodAccessorImpl.invoke0(Native Method) ~[?:1.8.0_432]
	at sun.reflect.NativeMethodAccessorImpl.invoke(NativeMethodAccessorImpl.java:62) ~[?:1.8.0_432]
	at sun.reflect.DelegatingMethodAccessorImpl.invoke(DelegatingMethodAccessorImpl.java:43) ~[?:1.8.0_432]
	at java.lang.reflect.Method.invoke(Method.java:498) ~[?:1.8.0_432]
	at org.junit.runners.model.FrameworkMethod$1.runReflectiveCall(FrameworkMethod.java:59) [junit-4.13.1.jar:4.13.1]
	at org.junit.internal.runners.model.ReflectiveCallable.run(ReflectiveCallable.java:12) [junit-4.13.1.jar:4.13.1]
	at org.junit.runners.model.FrameworkMethod.invokeExplosively(FrameworkMethod.java:56) [junit-4.13.1.jar:4.13.1]
	at org.junit.runners.Parameterized$RunnersFactory.allParameters(Parameterized.java:424) [junit-4.13.1.jar:4.13.1]
	at org.junit.runners.Parameterized$RunnersFactory.<init>(Parameterized.java:375) [junit-4.13.1.jar:4.13.1]
	at org.junit.runners.Parameterized$RunnersFactory.<init>(Parameterized.java:360) [junit-4.13.1.jar:4.13.1]
	at org.junit.runners.Parameterized.<init>(Parameterized.java:303) [junit-4.13.1.jar:4.13.1]
	at sun.reflect.NativeConstructorAccessorImpl.newInstance0(Native Method) ~[?:1.8.0_432]
	at sun.reflect.NativeConstructorAccessorImpl.newInstance(NativeConstructorAccessorImpl.java:62) [?:1.8.0_432]
	at sun.reflect.DelegatingConstructorAccessorImpl.newInstance(DelegatingConstructorAccessorImpl.java:45) [?:1.8.0_432]
	at java.lang.reflect.Constructor.newInstance(Constructor.java:423) [?:1.8.0_432]
	at org.junit.internal.builders.AnnotatedBuilder.buildRunner(AnnotatedBuilder.java:104) [junit-4.13.1.jar:4.13.1]
	at org.junit.internal.builders.AnnotatedBuilder.runnerForClass(AnnotatedBuilder.java:86) [junit-4.13.1.jar:4.13.1]
	at org.junit.runners.model.RunnerBuilder.safeRunnerForClass(RunnerBuilder.java:70) [junit-4.13.1.jar:4.13.1]
	at org.junit.internal.builders.AllDefaultPossibilitiesBuilder.runnerForClass(AllDefaultPossibilitiesBuilder.java:37) [junit-4.13.1.jar:4.13.1]
	at org.junit.runners.model.RunnerBuilder.safeRunnerForClass(RunnerBuilder.java:70) [junit-4.13.1.jar:4.13.1]
	at org.junit.internal.requests.ClassRequest.createRunner(ClassRequest.java:28) [junit-4.13.1.jar:4.13.1]
	at org.junit.internal.requests.MemoizingRequest.getRunner(MemoizingRequest.java:19) [junit-4.13.1.jar:4.13.1]
	at org.apache.maven.surefire.junit4.JUnit4Provider.execute(JUnit4Provider.java:314) [surefire-junit4-3.2.5.jar:3.2.5]
	at org.apache.maven.surefire.junit4.JUnit4Provider.executeWithRerun(JUnit4Provider.java:240) [surefire-junit4-3.2.5.jar:3.2.5]
	at org.apache.maven.surefire.junit4.JUnit4Provider.executeTestSet(JUnit4Provider.java:214) [surefire-junit4-3.2.5.jar:3.2.5]
	at org.apache.maven.surefire.junit4.JUnit4Provider.invoke(JUnit4Provider.java:155) [surefire-junit4-3.2.5.jar:3.2.5]
	at org.apache.maven.surefire.booter.ForkedBooter.runSuitesInProcess(ForkedBooter.java:385) [surefire-booter-3.2.5.jar:3.2.5]
	at org.apache.maven.surefire.booter.ForkedBooter.execute(ForkedBooter.java:162) [surefire-booter-3.2.5.jar:3.2.5]
	at org.apache.maven.surefire.booter.ForkedBooter.run(ForkedBooter.java:507) [surefire-booter-3.2.5.jar:3.2.5]
	at org.apache.maven.surefire.booter.ForkedBooter.main(ForkedBooter.java:495) [surefire-booter-3.2.5.jar:3.2.5]
Caused by: java.lang.InstantiationException: org.springframework.retry.policy.BinaryExceptionClassifierRetryPolicy
	at java.lang.Class.newInstance(Class.java:427) ~[?:1.8.0_432]
	at org.springframework.beans.BeanUtils.instantiate(BeanUtils.java:116) ~[spring-beans-5.3.39.jar:5.3.39]
	... 31 more
Caused by: java.lang.NoSuchMethodException: org.springframework.retry.policy.BinaryExceptionClassifierRetryPolicy.<init>()
	at java.lang.Class.getConstructor0(Class.java:3082) ~[?:1.8.0_432]
	at java.lang.Class.newInstance(Class.java:412) ~[?:1.8.0_432]
	at org.springframework.beans.BeanUtils.instantiate(BeanUtils.java:116) ~[spring-beans-5.3.39.jar:5.3.39]
	... 31 more
2026-08-10 15:20:57,189  WARN org.springframework.retry.policy.RetryContextSerializationTests [main] : Cannot create instance of org.springframework.retry.policy.ExceptionClassifierRetryPolicy$ExceptionClassifierRetryContext
org.springframework.beans.BeanInstantiationException: Failed to instantiate [org.springframework.retry.policy.ExceptionClassifierRetryPolicy$ExceptionClassifierRetryContext]: Is it an abstract class?; nested exception is java.lang.InstantiationException: org.springframework.retry.policy.ExceptionClassifierRetryPolicy$ExceptionClassifierRetryContext
	at org.springframework.beans.BeanUtils.instantiate(BeanUtils.java:119) ~[spring-beans-5.3.39.jar:5.3.39]
	at org.springframework.retry.policy.RetryContextSerializationTests.policies(RetryContextSerializationTests.java:67) [test-classes/:?]
	at sun.reflect.NativeMethodAccessorImpl.invoke0(Native Method) ~[?:1.8.0_432]
	at sun.reflect.NativeMethodAccessorImpl.invoke(NativeMethodAccessorImpl.java:62) ~[?:1.8.0_432]
	at sun.reflect.DelegatingMethodAccessorImpl.invoke(DelegatingMethodAccessorImpl.java:43) ~[?:1.8.0_432]
	at java.lang.reflect.Method.invoke(Method.java:498) ~[?:1.8.0_432]
	at org.junit.runners.model.FrameworkMethod$1.runReflectiveCall(FrameworkMethod.java:59) [junit-4.13.1.jar:4.13.1]
	at org.junit.internal.runners.model.ReflectiveCallable.run(ReflectiveCallable.java:12) [junit-4.13.1.jar:4.13.1]
	at org.junit.runners.model.FrameworkMethod.invokeExplosively(FrameworkMethod.java:56) [junit-4.13.1.jar:4.13.1]
	at org.junit.runners.Parameterized$RunnersFactory.allParameters(Parameterized.java:424) [junit-4.13.1.jar:4.13.1]
	at org.junit.runners.Parameterized$RunnersFactory.<init>(Parameterized.java:375) [junit-4.13.1.jar:4.13.1]
	at org.junit.runners.Parameterized$RunnersFactory.<init>(Parameterized.java:360) [junit-4.13.1.jar:4.13.1]
	at org.junit.runners.Parameterized.<init>(Parameterized.java:303) [junit-4.13.1.jar:4.13.1]
	at sun.reflect.NativeConstructorAccessorImpl.newInstance0(Native Method) ~[?:1.8.0_432]
	at sun.reflect.NativeConstructorAccessorImpl.newInstance(NativeConstructorAccessorImpl.java:62) [?:1.8.0_432]
	at sun.reflect.DelegatingConstructorAccessorImpl.newInstance(DelegatingConstructorAccessorImpl.java:45) [?:1.8.0_432]
	at java.lang.reflect.Constructor.newInstance(Constructor.java:423) [?:1.8.0_432]
	at org.junit.internal.builders.AnnotatedBuilder.buildRunner(AnnotatedBuilder.java:104) [junit-4.13.1.jar:4.13.1]
	at org.junit.internal.builders.AnnotatedBuilder.runnerForClass(AnnotatedBuilder.java:86) [junit-4.13.1.jar:4.13.1]
	at org.junit.runners.model.RunnerBuilder.safeRunnerForClass(RunnerBuilder.java:70) [junit-4.13.1.jar:4.13.1]
	at org.junit.internal.builders.AllDefaultPossibilitiesBuilder.runnerForClass(AllDefaultPossibilitiesBuilder.java:37) [junit-4.13.1.jar:4.13.1]
	at org.junit.runners.model.RunnerBuilder.safeRunnerForClass(RunnerBuilder.java:70) [junit-4.13.1.jar:4.13.1]
	at org.junit.internal.requests.ClassRequest.createRunner(ClassRequest.java:28) [junit-4.13.1.jar:4.13.1]
	at org.junit.internal.requests.MemoizingRequest.getRunner(MemoizingRequest.java:19) [junit-4.13.1.jar:4.13.1]
	at org.apache.maven.surefire.junit4.JUnit4Provider.execute(JUnit4Provider.java:314) [surefire-junit4-3.2.5.jar:3.2.5]
	at org.apache.maven.surefire.junit4.JUnit4Provider.executeWithRerun(JUnit4Provider.java:240) [surefire-junit4-3.2.5.jar:3.2.5]
	at org.apache.maven.surefire.junit4.JUnit4Provider.executeTestSet(JUnit4Provider.java:214) [surefire-junit4-3.2.5.jar:3.2.5]
	at org.apache.maven.surefire.junit4.JUnit4Provider.invoke(JUnit4Provider.java:155) [surefire-junit4-3.2.5.jar:3.2.5]
	at org.apache.maven.surefire.booter.ForkedBooter.runSuitesInProcess(ForkedBooter.java:385) [surefire-booter-3.2.5.jar:3.2.5]
	at org.apache.maven.surefire.booter.ForkedBooter.execute(ForkedBooter.java:162) [surefire-booter-3.2.5.jar:3.2.5]
	at org.apache.maven.surefire.booter.ForkedBooter.run(ForkedBooter.java:507) [surefire-booter-3.2.5.jar:3.2.5]
	at org.apache.maven.surefire.booter.ForkedBooter.main(ForkedBooter.java:495) [surefire-booter-3.2.5.jar:3.2.5]
Caused by: java.lang.InstantiationException: org.springframework.retry.policy.ExceptionClassifierRetryPolicy$ExceptionClassifierRetryContext
	at java.lang.Class.newInstance(Class.java:427) ~[?:1.8.0_432]
	at org.springframework.beans.BeanUtils.instantiate(BeanUtils.java:116) ~[spring-beans-5.3.39.jar:5.3.39]
	... 31 more
Caused by: java.lang.NoSuchMethodException: org.springframework.retry.policy.ExceptionClassifierRetryPolicy$ExceptionClassifierRetryContext.<init>()
	at java.lang.Class.getConstructor0(Class.java:3082) ~[?:1.8.0_432]
	at java.lang.Class.newInstance(Class.java:412) ~[?:1.8.0_432]
	at org.springframework.beans.BeanUtils.instantiate(BeanUtils.java:116) ~[spring-beans-5.3.39.jar:5.3.39]
	... 31 more
2026-08-10 15:20:57,190  WARN org.springframework.retry.policy.RetryContextSerializationTests [main] : Cannot create instance of org.springframework.retry.policy.ExpressionRetryPolicy
org.springframework.beans.BeanInstantiationException: Failed to instantiate [org.springframework.retry.policy.ExpressionRetryPolicy]: Is it an abstract class?; nested exception is java.lang.InstantiationException: org.springframework.retry.policy.ExpressionRetryPolicy
	at org.springframework.beans.BeanUtils.instantiate(BeanUtils.java:119) ~[spring-beans-5.3.39.jar:5.3.39]
	at org.springframework.retry.policy.RetryContextSerializationTests.policies(RetryContextSerializationTests.java:67) [test-classes/:?]
	at sun.reflect.NativeMethodAccessorImpl.invoke0(Native Method) ~[?:1.8.0_432]
	at sun.reflect.NativeMethodAccessorImpl.invoke(NativeMethodAccessorImpl.java:62) ~[?:1.8.0_432]
	at sun.reflect.DelegatingMethodAccessorImpl.invoke(DelegatingMethodAccessorImpl.java:43) ~[?:1.8.0_432]
	at java.lang.reflect.Method.invoke(Method.java:498) ~[?:1.8.0_432]
	at org.junit.runners.model.FrameworkMethod$1.runReflectiveCall(FrameworkMethod.java:59) [junit-4.13.1.jar:4.13.1]
	at org.junit.internal.runners.model.ReflectiveCallable.run(ReflectiveCallable.java:12) [junit-4.13.1.jar:4.13.1]
	at org.junit.runners.model.FrameworkMethod.invokeExplosively(FrameworkMethod.java:56) [junit-4.13.1.jar:4.13.1]
	at org.junit.runners.Parameterized$RunnersFactory.allParameters(Parameterized.java:424) [junit-4.13.1.jar:4.13.1]
	at org.junit.runners.Parameterized$RunnersFactory.<init>(Parameterized.java:375) [junit-4.13.1.jar:4.13.1]
	at org.junit.runners.Parameterized$RunnersFactory.<init>(Parameterized.java:360) [junit-4.13.1.jar:4.13.1]
	at org.junit.runners.Parameterized.<init>(Parameterized.java:303) [junit-4.13.1.jar:4.13.1]
	at sun.reflect.NativeConstructorAccessorImpl.newInstance0(Native Method) ~[?:1.8.0_432]
	at sun.reflect.NativeConstructorAccessorImpl.newInstance(NativeConstructorAccessorImpl.java:62) [?:1.8.0_432]
	at sun.reflect.DelegatingConstructorAccessorImpl.newInstance(DelegatingConstructorAccessorImpl.java:45) [?:1.8.0_432]
	at java.lang.reflect.Constructor.newInstance(Constructor.java:423) [?:1.8.0_432]
	at org.junit.internal.builders.AnnotatedBuilder.buildRunner(AnnotatedBuilder.java:104) [junit-4.13.1.jar:4.13.1]
	at org.junit.internal.builders.AnnotatedBuilder.runnerForClass(AnnotatedBuilder.java:86) [junit-4.13.1.jar:4.13.1]
	at org.junit.runners.model.RunnerBuilder.safeRunnerForClass(RunnerBuilder.java:70) [junit-4.13.1.jar:4.13.1]
	at org.junit.internal.builders.AllDefaultPossibilitiesBuilder.runnerForClass(AllDefaultPossibilitiesBuilder.java:37) [junit-4.13.1.jar:4.13.1]
	at org.junit.runners.model.RunnerBuilder.safeRunnerForClass(RunnerBuilder.java:70) [junit-4.13.1.jar:4.13.1]
	at org.junit.internal.requests.ClassRequest.createRunner(ClassRequest.java:28) [junit-4.13.1.jar:4.13.1]
	at org.junit.internal.requests.MemoizingRequest.getRunner(MemoizingRequest.java:19) [junit-4.13.1.jar:4.13.1]
	at org.apache.maven.surefire.junit4.JUnit4Provider.execute(JUnit4Provider.java:314) [surefire-junit4-3.2.5.jar:3.2.5]
	at org.apache.maven.surefire.junit4.JUnit4Provider.executeWithRerun(JUnit4Provider.java:240) [surefire-junit4-3.2.5.jar:3.2.5]
	at org.apache.maven.surefire.junit4.JUnit4Provider.executeTestSet(JUnit4Provider.java:214) [surefire-junit4-3.2.5.jar:3.2.5]
	at org.apache.maven.surefire.junit4.JUnit4Provider.invoke(JUnit4Provider.java:155) [surefire-junit4-3.2.5.jar:3.2.5]
	at org.apache.maven.surefire.booter.ForkedBooter.runSuitesInProcess(ForkedBooter.java:385) [surefire-booter-3.2.5.jar:3.2.5]
	at org.apache.maven.surefire.booter.ForkedBooter.execute(ForkedBooter.java:162) [surefire-booter-3.2.5.jar:3.2.5]
	at org.apache.maven.surefire.booter.ForkedBooter.run(ForkedBooter.java:507) [surefire-booter-3.2.5.jar:3.2.5]
	at org.apache.maven.surefire.booter.ForkedBooter.main(ForkedBooter.java:495) [surefire-booter-3.2.5.jar:3.2.5]
Caused by: java.lang.InstantiationException: org.springframework.retry.policy.ExpressionRetryPolicy
	at java.lang.Class.newInstance(Class.java:427) ~[?:1.8.0_432]
	at org.springframework.beans.BeanUtils.instantiate(BeanUtils.java:116) ~[spring-beans-5.3.39.jar:5.3.39]
	... 31 more
Caused by: java.lang.NoSuchMethodException: org.springframework.retry.policy.ExpressionRetryPolicy.<init>()
	at java.lang.Class.getConstructor0(Class.java:3082) ~[?:1.8.0_432]
	at java.lang.Class.newInstance(Class.java:412) ~[?:1.8.0_432]
	at org.springframework.beans.BeanUtils.instantiate(BeanUtils.java:116) ~[spring-beans-5.3.39.jar:5.3.39]
	... 31 more
]]></system-out>
  </testcase>
  <testcase name="testSerializationCycleForContext[0: org.springframework.retry.policy.AlwaysRetryPolicy@724c5cbe]" classname="org.springframework.retry.policy.RetryContextSerializationTests" time="0.015"/>
  <testcase name="testSerializationCycleForPolicy[1: org.springframework.retry.policy.CircuitBreakerRetryPolicy@70101687]" classname="org.springframework.retry.policy.RetryContextSerializationTests" time="0.006"/>
  <testcase name="testSerializationCycleForContext[1: org.springframework.retry.policy.CircuitBreakerRetryPolicy@70101687]" classname="org.springframework.retry.policy.RetryContextSerializationTests" time="0.005"/>
  <testcase name="testSerializationCycleForPolicy[2: org.springframework.retry.policy.CompositeRetryPolicy@70e889e9]" classname="org.springframework.retry.policy.RetryContextSerializationTests" time="0.001"/>
  <testcase name="testSerializationCycleForContext[2: org.springframework.retry.policy.CompositeRetryPolicy@70e889e9]" classname="org.springframework.retry.policy.RetryContextSerializationTests" time="0.003"/>
  <testcase name="testSerializationCycleForPolicy[3: org.springframework.retry.policy.ExceptionClassifierRetryPolicy@418c020b]" classname="org.springframework.retry.policy.RetryContextSerializationTests" time="0.001"/>
  <testcase name="testSerializationCycleForContext[3: org.springframework.retry.policy.ExceptionClassifierRetryPolicy@418c020b]" classname="org.springframework.retry.policy.RetryContextSerializationTests" time="0.002"/>
  <testcase name="testSerializationCycleForPolicy[4: org.springframework.retry.policy.MaxAttemptsRetryPolicy@51351f28]" classname="org.springframework.retry.policy.RetryContextSerializationTests" time="0.001"/>
  <testcase name="testSerializationCycleForContext[4: org.springframework.retry.policy.MaxAttemptsRetryPolicy@51351f28]" classname="org.springframework.retry.policy.RetryContextSerializationTests" time="0.0"/>
  <testcase name="testSerializationCycleForPolicy[5: org.springframework.retry.policy.NeverRetryPolicy@21618fa7]" classname="org.springframework.retry.policy.RetryContextSerializationTests" time="0.0"/>
  <testcase name="testSerializationCycleForContext[5: org.springframework.retry.policy.NeverRetryPolicy@21618fa7]" classname="org.springframework.retry.policy.RetryContextSerializationTests" time="0.002"/>
  <testcase name="testSerializationCycleForPolicy[6: SimpleRetryPolicy[maxAttempts=3]]" classname="org.springframework.retry.policy.RetryContextSerializationTests" time="0.0"/>
  <testcase name="testSerializationCycleForContext[6: SimpleRetryPolicy[maxAttempts=3]]" classname="org.springframework.retry.policy.RetryContextSerializationTests" time="0.001"/>
  <testcase name="testSerializationCycleForPolicy[7: org.springframework.retry.policy.TimeoutRetryPolicy@15f2eda3]" classname="org.springframework.retry.policy.RetryContextSerializationTests" time="0.0"/>
  <testcase name="testSerializationCycleForContext[7: org.springframework.retry.policy.TimeoutRetryPolicy@15f2eda3]" classname="org.springframework.retry.policy.RetryContextSerializationTests" time="0.003"/>
  <testcase name="testSerializationCycleForPolicy[8: org.springframework.retry.policy.ExceptionClassifierRetryPolicy@34cf294c]" classname="org.springframework.retry.policy.RetryContextSerializationTests" time="0.001"/>
  <testcase name="testSerializationCycleForContext[8: org.springframework.retry.policy.ExceptionClassifierRetryPolicy@34cf294c]" classname="org.springframework.retry.policy.RetryContextSerializationTests" time="0.003"/>
</testsuite>